System.Windows.Markup.XamlParseException: ''System.Windows.Baml2006.TypeConverterMarkupExtension'에 대한 값 제공에서 예외가 throw되었습니다.' 줄 번호 '15' 및 줄 위치 '21'
 ---> System.NotSupportedException: 인식할 수 없는 ModifierKeys 'CONTROL,ALT'입니다.
   at System.Windows.Input.ModifierKeysConverter.GetModifierKeys(String modifiersToken, CultureInfo culture)
   at System.Windows.Input.ModifierKeysConverter.ConvertFrom(ITypeDescriptorContext context, CultureInfo culture, Object source)
   at System.Windows.Baml2006.TypeConverterMarkupExtension.ProvideValue(IServiceProvider serviceProvider)
   at MS.Internal.Xaml.Runtime.ClrObjectRuntime.CallProvideValue(MarkupExtension me, IServiceProvider serviceProvider)
   --- End of inner exception stack trace ---
   at System.Windows.Markup.XamlReader.RewrapException(Exception e, IXamlLineInfo lineInfo, Uri baseUri)
   at System.Windows.Markup.XamlReader.RewrapException(Exception e, Uri baseUri)
   at System.Windows.FrameworkTemplate.LoadTemplateXaml(XamlReader templateReader, XamlObjectWriter currentWriter)
   at System.Windows.FrameworkTemplate.LoadOptimizedTemplateContent(DependencyObject container, IComponentConnector componentConnector, IStyleConnector styleConnector, List`1 affectedChildren, UncommonField`1 templatedNonFeChildrenField)
   at System.Windows.FrameworkTemplate.LoadContent(DependencyObject container, List`1 affectedChildren)
   at System.Windows.StyleHelper.ApplyTemplateContent(UncommonField`1 dataField, DependencyObject container, FrameworkElementFactory templateRoot, Int32 lastChildIndex, HybridDictionary childIndexFromChildID, FrameworkTemplate frameworkTemplate)
   at System.Windows.FrameworkTemplate.ApplyTemplateContent(UncommonField`1 templateDataField, FrameworkElement container)
   at System.Windows.FrameworkElement.ApplyTemplate()
   at System.Windows.FrameworkElement.MeasureCore(Size availableSize)
   at System.Windows.UIElement.Measure(Size availableSize)
   at System.Windows.ContextLayoutManager.UpdateLayout()
   at System.Windows.UIElement.UpdateLayout()
   at System.Windows.Interop.HwndSource.SetLayoutSize()
   at System.Windows.Interop.HwndSource.set_RootVisualInternal(Visual value)
   at System.Windows.Interop.HwndSource.set_RootVisual(Visual value)
   at System.Windows.Window.SetRootVisual()
   at System.Windows.Window.SetRootVisualAndUpdateSTC()
   at System.Windows.Window.SetupInitialState(Double requestedTop, Double requestedLeft, Double requestedWidth, Double requestedHeight)
   at System.Windows.Window.CreateSourceWindow(Boolean duringShow)
   at System.Windows.Window.CreateSourceWindowDuringShow()
   at System.Windows.Window.SafeCreateWindowDuringShow()
   at System.Windows.Window.ShowHelper(Object booleanBox)
   at System.Windows.Window.Show()
   at PublicPCControl.Client.App.OnStartup(StartupEventArgs e) in C:\Users\seewo\Desktop\window\win_g\PublicPCControl\PublicPCControl.Client\App.xaml.cs:line 21